<?xml version="1.0" encoding="UTF-8"?>
<testng-results skipped="0" failed="0" ignored="0" total="1" passed="1">
  <reporter-output>
  </reporter-output>
  <suite name="orangehrm_login_test" duration-ms="27260" started-at="2020-10-05T00:45:09Z" finished-at="2020-10-05T00:45:36Z">
    <groups>
      <group name="cucumber">
        <method signature="AbstractTestNGCucumberTests.feature(cucumber.api.testng.CucumberFeatureWrapper)[pri:0, instance:com.orange_hrm.test_runner.Test_Runner_Local@2fd6b6c7]" name="feature" class="cucumber.api.testng.AbstractTestNGCucumberTests"/>
      </group> <!-- cucumber -->
    </groups>
    <test name="login functionality test" duration-ms="27260" started-at="2020-10-05T00:45:09Z" finished-at="2020-10-05T00:45:36Z">
      <class name="com.orange_hrm.test_runner.Test_Runner_Local">
        <test-method status="PASS" signature="setUpClass()[pri:0, instance:com.orange_hrm.test_runner.Test_Runner_Local@2fd6b6c7]" name="setUpClass" is-config="true" duration-ms="119" started-at="2020-10-05T00:45:09Z" finished-at="2020-10-05T00:45:09Z">
          <reporter-output>
          </reporter-output>
        </test-method> <!-- setUpClass -->
        <test-method status="PASS" signature="feature(cucumber.api.testng.CucumberFeatureWrapper)[pri:0, instance:com.orange_hrm.test_runner.Test_Runner_Local@2fd6b6c7]" name="feature" duration-ms="26798" started-at="2020-10-05T00:45:09Z" description="Runs Cucumber Feature" data-provider="features" finished-at="2020-10-05T00:45:36Z">
          <params>
            <param index="0">
              <value>
                <![CDATA[Orange hrm login feature]]>
              </value>
            </param>
          </params>
          <reporter-output>
          </reporter-output>
        </test-method> <!-- feature -->
        <test-method status="PASS" signature="tearDownClass()[pri:0, instance:com.orange_hrm.test_runner.Test_Runner_Local@2fd6b6c7]" name="tearDownClass" is-config="true" duration-ms="264" started-at="2020-10-05T00:45:36Z" finished-at="2020-10-05T00:45:36Z">
          <reporter-output>
          </reporter-output>
        </test-method> <!-- tearDownClass -->
      </class> <!-- com.orange_hrm.test_runner.Test_Runner_Local -->
    </test> <!-- login functionality test -->
  </suite> <!-- orangehrm_login_test -->
</testng-results>
